# JRE version: OpenJDK Runtime Environment (9.0) (build 9-internal+0-2016-04-14-195526.buildd.src)
# Java VM: OpenJDK Client VM (9-internal+0-2016-04-14-195526.buildd.src, mixed mode, serial gc, linux-x86)
Heap:
 def new generation   total 4928K, used 782K [0xa4600000, 0xa4b50000, 0xa9b50000)
  eden space 4416K,   6% used [0xa4600000, 0xa46438a0, 0xa4a50000)
  from space 512K, 100% used [0xa4ad0000, 0xa4b50000, 0xa4b50000)
  to   space 512K,   0% used [0xa4a50000, 0xa4a50000, 0xa4ad0000)
 tenured generation   total 10944K, used 3923K [0xa9b50000, 0xaa600000, 0xb4600000)
   the space 10944K,  35% used [0xa9b50000, 0xa9f24d50, 0xa9f24e00, 0xaa600000)
 Metaspace       used 9056K, capacity 9512K, committed 9624K, reserved 10544K
GC Heap History (10 events):
Event: 0,540 GC heap before
{Heap before GC invocations=6 (full 0):
 def new generation   total 4928K, used 4426K [0xa4600000, 0xa4b50000, 0xa9b50000)
  eden space 4416K, 100% used [0xa4600000, 0xa4a50000, 0xa4a50000)
  from space 512K,   1% used [0xa4a50000, 0xa4a528d8, 0xa4ad0000)
  to   space 512K,   0% used [0xa4ad0000, 0xa4ad0000, 0xa4b50000)
 tenured generation   total 10944K, used 1120K [0xa9b50000, 0xaa600000, 0xb4600000)
   the space 10944K,  10% used [0xa9b50000, 0xa9c68320, 0xa9c68400, 0xaa600000)
 Metaspace       used 2599K, capacity 2630K, committed 2712K, reserved 4400K
}
Event: 0,541 GC heap after
{Heap after GC invocations=7 (full 0):
 def new generation   total 4928K, used 12K [0xa4600000, 0xa4b50000, 0xa9b50000)
  eden space 4416K,   0% used [0xa4600000, 0xa4600000, 0xa4a50000)
  from space 512K,   2% used [0xa4ad0000, 0xa4ad3050, 0xa4b50000)
  to   space 512K,   0% used [0xa4a50000, 0xa4a50000, 0xa4ad0000)
 tenured generation   total 10944K, used 1120K [0xa9b50000, 0xaa600000, 0xb4600000)
   the space 10944K,  10% used [0xa9b50000, 0xa9c68320, 0xa9c68400, 0xaa600000)
 Metaspace       used 2599K, capacity 2630K, committed 2712K, reserved 4400K
}
Event: 0,548 GC heap before
{Heap before GC invocations=7 (full 0):
 def new generation   total 4928K, used 4428K [0xa4600000, 0xa4b50000, 0xa9b50000)
  eden space 4416K, 100% used [0xa4600000, 0xa4a50000, 0xa4a50000)
  from space 512K,   2% used [0xa4ad0000, 0xa4ad3050, 0xa4b50000)
  to   space 512K,   0% used [0xa4a50000, 0xa4a50000, 0xa4ad0000)
 tenured generation   total 10944K, used 1120K [0xa9b50000, 0xaa600000, 0xb4600000)
   the space 10944K,  10% used [0xa9b50000, 0xa9c68320, 0xa9c68400, 0xaa600000)
 Metaspace       used 2599K, capacity 2630K, committed 2712K, reserved 4400K
}
Event: 0,549 GC heap after
{Heap after GC invocations=8 (full 0):
 def new generation   total 4928K, used 13K [0xa4600000, 0xa4b50000, 0xa9b50000)
  eden space 4416K,   0% used [0xa4600000, 0xa4600000, 0xa4a50000)
  from space 512K,   2% used [0xa4a50000, 0xa4a537a0, 0xa4ad0000)
  to   space 512K,   0% used [0xa4ad0000, 0xa4ad0000, 0xa4b50000)
 tenured generation   total 10944K, used 1120K [0xa9b50000, 0xaa600000, 0xb4600000)
   the space 10944K,  10% used [0xa9b50000, 0xa9c68320, 0xa9c68400, 0xaa600000)
 Metaspace       used 2599K, capacity 2630K, committed 2712K, reserved 4400K
}
Event: 0,555 GC heap before
{Heap before GC invocations=8 (full 0):
 def new generation   total 4928K, used 4429K [0xa4600000, 0xa4b50000, 0xa9b50000)
  eden space 4416K, 100% used [0xa4600000, 0xa4a50000, 0xa4a50000)
  from space 512K,   2% used [0xa4a50000, 0xa4a537a0, 0xa4ad0000)
  to   space 512K,   0% used [0xa4ad0000, 0xa4ad0000, 0xa4b50000)
 tenured generation   total 10944K, used 1120K [0xa9b50000, 0xaa600000, 0xb4600000)
   the space 10944K,  10% used [0xa9b50000, 0xa9c68320, 0xa9c68400, 0xaa600000)
 Metaspace       used 2599K, capacity 2630K, committed 2712K, reserved 4400K
}
Event: 0,556 GC heap after
{Heap after GC invocations=9 (full 0):
 def new generation   total 4928K, used 16K [0xa4600000, 0xa4b50000, 0xa9b50000)
  eden space 4416K,   0% used [0xa4600000, 0xa4600000, 0xa4a50000)
  from space 512K,   3% used [0xa4ad0000, 0xa4ad4048, 0xa4b50000)
  to   space 512K,   0% used [0xa4a50000, 0xa4a50000, 0xa4ad0000)
 tenured generation   total 10944K, used 1120K [0xa9b50000, 0xaa600000, 0xb4600000)
   the space 10944K,  10% used [0xa9b50000, 0xa9c68320, 0xa9c68400, 0xaa600000)
 Metaspace       used 2599K, capacity 2630K, committed 2712K, reserved 4400K
}
Event: 2,754 GC heap before
{Heap before GC invocations=9 (full 0):
 def new generation   total 4928K, used 4432K [0xa4600000, 0xa4b50000, 0xa9b50000)
  eden space 4416K, 100% used [0xa4600000, 0xa4a50000, 0xa4a50000)
  from space 512K,   3% used [0xa4ad0000, 0xa4ad4048, 0xa4b50000)
  to   space 512K,   0% used [0xa4a50000, 0xa4a50000, 0xa4ad0000)
 tenured generation   total 10944K, used 1120K [0xa9b50000, 0xaa600000, 0xb4600000)
   the space 10944K,  10% used [0xa9b50000, 0xa9c68320, 0xa9c68400, 0xaa600000)
 Metaspace       used 5399K, capacity 5607K, committed 5656K, reserved 6448K
}
Event: 2,776 GC heap after
{Heap after GC invocations=10 (full 0):
 def new generation   total 4928K, used 512K [0xa4600000, 0xa4b50000, 0xa9b50000)
  eden space 4416K,   0% used [0xa4600000, 0xa4600000, 0xa4a50000)
  from space 512K, 100% used [0xa4a50000, 0xa4ad0000, 0xa4ad0000)
  to   space 512K,   0% used [0xa4ad0000, 0xa4ad0000, 0xa4b50000)
 tenured generation   total 10944K, used 2638K [0xa9b50000, 0xaa600000, 0xb4600000)
   the space 10944K,  24% used [0xa9b50000, 0xa9de3a10, 0xa9de3c00, 0xaa600000)
 Metaspace       used 5399K, capacity 5607K, committed 5656K, reserved 6448K
}
Event: 10,613 GC heap before
{Heap before GC invocations=10 (full 0):
 def new generation   total 4928K, used 4928K [0xa4600000, 0xa4b50000, 0xa9b50000)
  eden space 4416K, 100% used [0xa4600000, 0xa4a50000, 0xa4a50000)
  from space 512K, 100% used [0xa4a50000, 0xa4ad0000, 0xa4ad0000)
  to   space 512K,   0% used [0xa4ad0000, 0xa4ad0000, 0xa4b50000)
 tenured generation   total 10944K, used 2638K [0xa9b50000, 0xaa600000, 0xb4600000)
   the space 10944K,  24% used [0xa9b50000, 0xa9de3a10, 0xa9de3c00, 0xaa600000)
 Metaspace       used 8961K, capacity 9406K, committed 9496K, reserved 9520K
}
Event: 10,626 GC heap after
{Heap after GC invocations=11 (full 0):
 def new generation   total 4928K, used 512K [0xa4600000, 0xa4b50000, 0xa9b50000)
  eden space 4416K,   0% used [0xa4600000, 0xa4600000, 0xa4a50000)
  from space 512K, 100% used [0xa4ad0000, 0xa4b50000, 0xa4b50000)
  to   space 512K,   0% used [0xa4a50000, 0xa4a50000, 0xa4ad0000)
 tenured generation   total 10944K, used 3923K [0xa9b50000, 0xaa600000, 0xb4600000)
   the space 10944K,  35% used [0xa9b50000, 0xa9f24d50, 0xa9f24e00, 0xaa600000)
 Metaspace       used 8961K, capacity 9406K, committed 9496K, reserved 9520K
}

