# JRE version: OpenJDK Runtime Environment (9.0) (build 9-internal+0-2016-04-14-195526.buildd.src)
# Java VM: OpenJDK Client VM (9-internal+0-2016-04-14-195526.buildd.src, mixed mode, serial gc, linux-x86)
Heap:
 def new generation   total 4928K, used 776K [0xa4600000, 0xa4b50000, 0xa9b50000)
  eden space 4416K,   5% used [0xa4600000, 0xa46423a0, 0xa4a50000)
  from space 512K, 100% used [0xa4ad0000, 0xa4b50000, 0xa4b50000)
  to   space 512K,   0% used [0xa4a50000, 0xa4a50000, 0xa4ad0000)
 tenured generation   total 10944K, used 3924K [0xa9b50000, 0xaa600000, 0xb4600000)
   the space 10944K,  35% used [0xa9b50000, 0xa9f25228, 0xa9f25400, 0xaa600000)
 Metaspace       used 9065K, capacity 9544K, committed 9624K, reserved 10544K
GC Heap History (10 events):
Event: 2,320 GC heap before
{Heap before GC invocations=6 (full 0):
 def new generation   total 4928K, used 4426K [0xa4600000, 0xa4b50000, 0xa9b50000)
  eden space 4416K, 100% used [0xa4600000, 0xa4a50000, 0xa4a50000)
  from space 512K,   1% used [0xa4a50000, 0xa4a528d8, 0xa4ad0000)
  to   space 512K,   0% used [0xa4ad0000, 0xa4ad0000, 0xa4b50000)
 tenured generation   total 10944K, used 1121K [0xa9b50000, 0xaa600000, 0xb4600000)
   the space 10944K,  10% used [0xa9b50000, 0xa9c68640, 0xa9c68800, 0xaa600000)
 Metaspace       used 2606K, capacity 2630K, committed 2712K, reserved 4400K
}
Event: 2,321 GC heap after
{Heap after GC invocations=7 (full 0):
 def new generation   total 4928K, used 12K [0xa4600000, 0xa4b50000, 0xa9b50000)
  eden space 4416K,   0% used [0xa4600000, 0xa4600000, 0xa4a50000)
  from space 512K,   2% used [0xa4ad0000, 0xa4ad3050, 0xa4b50000)
  to   space 512K,   0% used [0xa4a50000, 0xa4a50000, 0xa4ad0000)
 tenured generation   total 10944K, used 1121K [0xa9b50000, 0xaa600000, 0xb4600000)
   the space 10944K,  10% used [0xa9b50000, 0xa9c68640, 0xa9c68800, 0xaa600000)
 Metaspace       used 2606K, capacity 2630K, committed 2712K, reserved 4400K
}
Event: 2,328 GC heap before
{Heap before GC invocations=7 (full 0):
 def new generation   total 4928K, used 4428K [0xa4600000, 0xa4b50000, 0xa9b50000)
  eden space 4416K, 100% used [0xa4600000, 0xa4a50000, 0xa4a50000)
  from space 512K,   2% used [0xa4ad0000, 0xa4ad3050, 0xa4b50000)
  to   space 512K,   0% used [0xa4a50000, 0xa4a50000, 0xa4ad0000)
 tenured generation   total 10944K, used 1121K [0xa9b50000, 0xaa600000, 0xb4600000)
   the space 10944K,  10% used [0xa9b50000, 0xa9c68640, 0xa9c68800, 0xaa600000)
 Metaspace       used 2606K, capacity 2630K, committed 2712K, reserved 4400K
}
Event: 2,329 GC heap after
{Heap after GC invocations=8 (full 0):
 def new generation   total 4928K, used 13K [0xa4600000, 0xa4b50000, 0xa9b50000)
  eden space 4416K,   0% used [0xa4600000, 0xa4600000, 0xa4a50000)
  from space 512K,   2% used [0xa4a50000, 0xa4a537a0, 0xa4ad0000)
  to   space 512K,   0% used [0xa4ad0000, 0xa4ad0000, 0xa4b50000)
 tenured generation   total 10944K, used 1121K [0xa9b50000, 0xaa600000, 0xb4600000)
   the space 10944K,  10% used [0xa9b50000, 0xa9c68640, 0xa9c68800, 0xaa600000)
 Metaspace       used 2606K, capacity 2630K, committed 2712K, reserved 4400K
}
Event: 2,335 GC heap before
{Heap before GC invocations=8 (full 0):
 def new generation   total 4928K, used 4429K [0xa4600000, 0xa4b50000, 0xa9b50000)
  eden space 4416K, 100% used [0xa4600000, 0xa4a50000, 0xa4a50000)
  from space 512K,   2% used [0xa4a50000, 0xa4a537a0, 0xa4ad0000)
  to   space 512K,   0% used [0xa4ad0000, 0xa4ad0000, 0xa4b50000)
 tenured generation   total 10944K, used 1121K [0xa9b50000, 0xaa600000, 0xb4600000)
   the space 10944K,  10% used [0xa9b50000, 0xa9c68640, 0xa9c68800, 0xaa600000)
 Metaspace       used 2606K, capacity 2630K, committed 2712K, reserved 4400K
}
Event: 2,336 GC heap after
{Heap after GC invocations=9 (full 0):
 def new generation   total 4928K, used 16K [0xa4600000, 0xa4b50000, 0xa9b50000)
  eden space 4416K,   0% used [0xa4600000, 0xa4600000, 0xa4a50000)
  from space 512K,   3% used [0xa4ad0000, 0xa4ad4048, 0xa4b50000)
  to   space 512K,   0% used [0xa4a50000, 0xa4a50000, 0xa4ad0000)
 tenured generation   total 10944K, used 1121K [0xa9b50000, 0xaa600000, 0xb4600000)
   the space 10944K,  10% used [0xa9b50000, 0xa9c68640, 0xa9c68800, 0xaa600000)
 Metaspace       used 2606K, capacity 2630K, committed 2712K, reserved 4400K
}
Event: 4,195 GC heap before
{Heap before GC invocations=9 (full 0):
 def new generation   total 4928K, used 4432K [0xa4600000, 0xa4b50000, 0xa9b50000)
  eden space 4416K, 100% used [0xa4600000, 0xa4a50000, 0xa4a50000)
  from space 512K,   3% used [0xa4ad0000, 0xa4ad4048, 0xa4b50000)
  to   space 512K,   0% used [0xa4a50000, 0xa4a50000, 0xa4ad0000)
 tenured generation   total 10944K, used 1121K [0xa9b50000, 0xaa600000, 0xb4600000)
   the space 10944K,  10% used [0xa9b50000, 0xa9c68640, 0xa9c68800, 0xaa600000)
 Metaspace       used 5375K, capacity 5575K, committed 5656K, reserved 6448K
}
Event: 4,209 GC heap after
{Heap after GC invocations=10 (full 0):
 def new generation   total 4928K, used 512K [0xa4600000, 0xa4b50000, 0xa9b50000)
  eden space 4416K,   0% used [0xa4600000, 0xa4600000, 0xa4a50000)
  from space 512K, 100% used [0xa4a50000, 0xa4ad0000, 0xa4ad0000)
  to   space 512K,   0% used [0xa4ad0000, 0xa4ad0000, 0xa4b50000)
 tenured generation   total 10944K, used 2632K [0xa9b50000, 0xaa600000, 0xb4600000)
   the space 10944K,  24% used [0xa9b50000, 0xa9de20d8, 0xa9de2200, 0xaa600000)
 Metaspace       used 5375K, capacity 5575K, committed 5656K, reserved 6448K
}
Event: 11,968 GC heap before
{Heap before GC invocations=10 (full 0):
 def new generation   total 4928K, used 4928K [0xa4600000, 0xa4b50000, 0xa9b50000)
  eden space 4416K, 100% used [0xa4600000, 0xa4a50000, 0xa4a50000)
  from space 512K, 100% used [0xa4a50000, 0xa4ad0000, 0xa4ad0000)
  to   space 512K,   0% used [0xa4ad0000, 0xa4ad0000, 0xa4b50000)
 tenured generation   total 10944K, used 2632K [0xa9b50000, 0xaa600000, 0xb4600000)
   the space 10944K,  24% used [0xa9b50000, 0xa9de20d8, 0xa9de2200, 0xaa600000)
 Metaspace       used 8982K, capacity 9438K, committed 9496K, reserved 9520K
}
Event: 11,976 GC heap after
{Heap after GC invocations=11 (full 0):
 def new generation   total 4928K, used 512K [0xa4600000, 0xa4b50000, 0xa9b50000)
  eden space 4416K,   0% used [0xa4600000, 0xa4600000, 0xa4a50000)
  from space 512K, 100% used [0xa4ad0000, 0xa4b50000, 0xa4b50000)
  to   space 512K,   0% used [0xa4a50000, 0xa4a50000, 0xa4ad0000)
 tenured generation   total 10944K, used 3924K [0xa9b50000, 0xaa600000, 0xb4600000)
   the space 10944K,  35% used [0xa9b50000, 0xa9f25228, 0xa9f25400, 0xaa600000)
 Metaspace       used 8982K, capacity 9438K, committed 9496K, reserved 9520K
}

